<?xml version="1.0" encoding="utf-8"?><testsuites><testsuite name="pytest" errors="0" failures="0" skipped="0" tests="5" time="0.104" timestamp="2022-10-21T08:17:48.606883" hostname="FCF-LENOVO-S145"><testcase classname="tests.test_bytebank.TestClass" name="test_quanto_idade_recebe_13_03_2000_deve_retornar_22" time="0.003" /><testcase classname="tests.test_bytebank.TestClass" name="test_quando_sobrenome_recebe_Fernando_Carlos_Fabril_deve_retornar_Fabril" time="0.001" /><testcase classname="tests.test_bytebank.TestClass" name="test_quando_decrescimo_salario_recebe_100000_deve_retornar_90000" time="0.001" /><testcase classname="tests.test_bytebank.TestClass" name="test_quando_calcular_bonus_recebe_1000_deve_retornar_100" time="0.001" /><testcase classname="tests.test_bytebank.TestClass" name="test_quando_calcular_bonus_recebe_1000000000_deve_retornar_exception" time="0.001" /></testsuite></testsuites>